
real	1.271
user	1.222
sys	0.056

real	1.254
user	1.217
sys	0.046

real	1.245
user	1.218
sys	0.033

real	1.266
user	1.251
sys	0.017

real	1.262
user	1.207
sys	0.061

real	1.260
user	1.223
sys	0.043

real	1.251
user	1.205
sys	0.053

real	1.278
user	1.246
sys	0.033

real	1.258
user	1.231
sys	0.035

real	1.254
user	1.221
sys	0.040

real	1.277
user	1.251
sys	0.033

real	1.271
user	1.250
sys	0.028

real	1.258
user	1.219
sys	0.047

real	1.261
user	1.221
sys	0.046

real	1.250
user	1.217
sys	0.041

real	1.275
user	1.228
sys	0.050

real	1.255
user	1.233
sys	0.029

real	1.288
user	1.255
sys	0.040

real	1.248
user	1.206
sys	0.050

real	1.229
user	1.186
sys	0.050

real	1.242
user	1.222
sys	0.027

real	1.263
user	1.218
sys	0.050

real	1.242
user	1.199
sys	0.050

real	1.241
user	1.194
sys	0.055

real	1.242
user	1.207
sys	0.042

real	1.215
user	1.187
sys	0.036

real	1.236
user	1.210
sys	0.033

real	1.237
user	1.197
sys	0.047

real	1.239
user	1.205
sys	0.041

real	1.246
user	1.215
sys	0.038

real	1.227
user	1.189
sys	0.043

real	1.251
user	1.235
sys	0.023

real	1.251
user	1.232
sys	0.026

real	1.256
user	1.226
sys	0.037

real	1.263
user	1.210
sys	0.060

real	1.257
user	1.214
sys	0.050

real	1.274
user	1.237
sys	0.045

real	1.280
user	1.254
sys	0.033

real	1.257
user	1.209
sys	0.055

real	1.225
user	1.196
sys	0.035

real	1.241
user	1.201
sys	0.047

real	1.225
user	1.205
sys	0.027

real	1.226
user	1.197
sys	0.037

real	1.240
user	1.198
sys	0.049

real	1.241
user	1.213
sys	0.035

real	1.230
user	1.184
sys	0.053

real	1.242
user	1.194
sys	0.053

real	1.247
user	1.205
sys	0.046

real	1.227
user	1.188
sys	0.046

real	1.227
user	1.184
sys	0.050
