
real	0.528
user	0.498
sys	0.048

real	0.528
user	0.510
sys	0.037

real	0.520
user	0.506
sys	0.032

real	0.528
user	0.508
sys	0.038

real	0.518
user	0.493
sys	0.043

real	0.520
user	0.505
sys	0.034

real	0.532
user	0.513
sys	0.036

real	0.529
user	0.510
sys	0.037

real	0.525
user	0.513
sys	0.030

real	0.535
user	0.524
sys	0.030

real	0.522
user	0.501
sys	0.040

real	0.537
user	0.506
sys	0.050

real	0.522
user	0.495
sys	0.045

real	0.528
user	0.506
sys	0.040

real	0.523
user	0.491
sys	0.050

real	0.524
user	0.498
sys	0.045

real	0.524
user	0.506
sys	0.036

real	0.519
user	0.488
sys	0.049

real	0.522
user	0.500
sys	0.040

real	0.559
user	0.550
sys	0.027

real	0.527
user	0.512
sys	0.034

real	0.522
user	0.496
sys	0.043

real	0.529
user	0.498
sys	0.050

real	0.521
user	0.493
sys	0.046

real	0.538
user	0.509
sys	0.047

real	0.536
user	0.523
sys	0.032

real	0.522
user	0.502
sys	0.038

real	0.524
user	0.491
sys	0.051

real	0.529
user	0.514
sys	0.034

real	0.529
user	0.495
sys	0.053

real	0.525
user	0.488
sys	0.055

real	0.528
user	0.508
sys	0.039

real	0.520
user	0.493
sys	0.046

real	0.536
user	0.520
sys	0.035

real	0.532
user	0.513
sys	0.038

real	0.533
user	0.495
sys	0.056

real	0.533
user	0.515
sys	0.037

real	0.525
user	0.495
sys	0.048

real	0.530
user	0.506
sys	0.043

real	0.519
user	0.505
sys	0.032

real	0.522
user	0.499
sys	0.042

real	0.524
user	0.513
sys	0.030

real	0.528
user	0.509
sys	0.037

real	0.528
user	0.497
sys	0.049

real	0.540
user	0.529
sys	0.030

real	0.521
user	0.498
sys	0.041

real	0.515
user	0.483
sys	0.050

real	0.529
user	0.498
sys	0.047

real	0.520
user	0.491
sys	0.047

real	0.530
user	0.496
sys	0.052
