
real	0.472
user	0.395
sys	0.076

real	0.480
user	0.396
sys	0.083

real	0.479
user	0.381
sys	0.097

real	0.477
user	0.387
sys	0.089

real	0.470
user	0.367
sys	0.103

real	0.473
user	0.389
sys	0.082

real	0.470
user	0.380
sys	0.090

real	0.472
user	0.395
sys	0.077

real	0.477
user	0.373
sys	0.103

real	0.466
user	0.365
sys	0.101

real	0.474
user	0.360
sys	0.113

real	0.483
user	0.378
sys	0.104

real	0.472
user	0.381
sys	0.090

real	0.465
user	0.400
sys	0.064

real	0.476
user	0.380
sys	0.096

real	0.469
user	0.379
sys	0.089

real	0.475
user	0.394
sys	0.080

real	0.475
user	0.381
sys	0.094

real	0.468
user	0.370
sys	0.097

real	0.475
user	0.404
sys	0.071

real	0.474
user	0.360
sys	0.113

real	0.519
user	0.425
sys	0.094

real	0.476
user	0.385
sys	0.090

real	0.474
user	0.366
sys	0.108

real	0.475
user	0.361
sys	0.114

real	0.479
user	0.409
sys	0.070

real	0.476
user	0.389
sys	0.087

real	0.478
user	0.363
sys	0.114

real	0.478
user	0.404
sys	0.073

real	0.474
user	0.352
sys	0.120

real	0.476
user	0.363
sys	0.113

real	0.470
user	0.383
sys	0.087

real	0.474
user	0.346
sys	0.127

real	0.482
user	0.405
sys	0.077

real	0.475
user	0.360
sys	0.114

real	0.471
user	0.394
sys	0.077

real	0.491
user	0.415
sys	0.075

real	0.485
user	0.387
sys	0.097

real	0.475
user	0.371
sys	0.103

real	0.476
user	0.402
sys	0.073

real	0.473
user	0.365
sys	0.108

real	0.472
user	0.391
sys	0.081

real	0.481
user	0.391
sys	0.089

real	0.468
user	0.364
sys	0.103

real	0.476
user	0.398
sys	0.077

real	0.475
user	0.381
sys	0.093

real	0.473
user	0.372
sys	0.100

real	0.473
user	0.403
sys	0.070

real	0.479
user	0.346
sys	0.133

real	0.480
user	0.392
sys	0.087
