
real	3.290
user	1.438
sys	1.858

real	3.304
user	1.446
sys	1.864

real	3.307
user	1.336
sys	1.977

real	3.318
user	1.344
sys	1.980

real	3.308
user	1.431
sys	1.886

real	3.325
user	1.399
sys	1.933

real	3.337
user	1.389
sys	1.955

real	3.274
user	1.427
sys	1.855

real	3.262
user	1.368
sys	1.901

real	3.227
user	1.356
sys	1.878

real	3.277
user	1.308
sys	1.977

real	3.263
user	1.373
sys	1.897

real	3.300
user	1.429
sys	1.878

real	3.333
user	1.431
sys	1.909

real	3.258
user	1.274
sys	1.986

real	3.219
user	1.338
sys	1.888

real	3.355
user	1.422
sys	1.940

real	3.253
user	1.460
sys	1.800

real	3.243
user	1.306
sys	1.945

real	3.240
user	1.365
sys	1.881

real	3.211
user	1.324
sys	1.893

real	3.220
user	1.299
sys	1.928

real	3.262
user	1.380
sys	1.890

real	3.227
user	1.392
sys	1.841

real	3.231
user	1.330
sys	1.896

real	3.615
user	1.816
sys	1.805

real	3.210
user	1.333
sys	1.883

real	3.290
user	1.312
sys	1.980

real	3.228
user	1.384
sys	1.850

real	3.236
user	1.362
sys	1.881

real	3.215
user	1.412
sys	1.803

real	3.263
user	1.386
sys	1.885

real	3.216
user	1.345
sys	1.869

real	3.208
user	1.350
sys	1.866

real	3.279
user	1.441
sys	1.845

real	3.251
user	1.384
sys	1.874

real	3.269
user	1.395
sys	1.881

real	3.276
user	1.455
sys	1.828

real	3.221
user	1.357
sys	1.871

real	3.217
user	1.314
sys	1.912

real	3.269
user	1.448
sys	1.827

real	3.295
user	1.395
sys	1.908

real	3.234
user	1.309
sys	1.932

real	3.236
user	1.405
sys	1.838

real	3.226
user	1.353
sys	1.880

real	3.259
user	1.366
sys	1.899

real	3.223
user	1.426
sys	1.804

real	3.205
user	1.294
sys	1.917

real	3.272
user	1.445
sys	1.835

real	3.234
user	1.415
sys	1.826
