
real	1.756
user	1.305
sys	0.479

real	1.755
user	1.252
sys	0.526

real	1.763
user	1.289
sys	0.497

real	1.751
user	1.227
sys	0.550

real	1.735
user	1.220
sys	0.542

real	1.781
user	1.218
sys	0.589

real	1.777
user	1.220
sys	0.580

real	1.798
user	1.318
sys	0.505

real	1.835
user	1.312
sys	0.548

real	1.791
user	1.302
sys	0.516

real	1.827
user	1.282
sys	0.564

real	1.786
user	1.271
sys	0.542

real	1.798
user	1.253
sys	0.564

real	1.789
user	1.247
sys	0.563

real	1.783
user	1.298
sys	0.509

real	1.817
user	1.258
sys	0.582

real	1.744
user	1.295
sys	0.476

real	1.782
user	1.265
sys	0.533

real	1.770
user	1.256
sys	0.541

real	1.768
user	1.282
sys	0.506

real	1.760
user	1.238
sys	0.549

real	1.764
user	1.317
sys	0.474

real	1.741
user	1.223
sys	0.545

real	1.739
user	1.222
sys	0.545

real	1.754
user	1.271
sys	0.511

real	1.764
user	1.289
sys	0.502

real	1.768
user	1.270
sys	0.525

real	1.752
user	1.258
sys	0.521

real	1.763
user	1.287
sys	0.501

real	1.766
user	1.262
sys	0.530

real	1.772
user	1.241
sys	0.559

real	1.771
user	1.252
sys	0.539

real	1.755
user	1.268
sys	0.515

real	1.741
user	1.271
sys	0.495

real	1.747
user	1.224
sys	0.550

real	1.768
user	1.300
sys	0.492

real	1.772
user	1.310
sys	0.490

real	1.766
user	1.275
sys	0.515

real	1.753
user	1.296
sys	0.485

real	1.751
user	1.246
sys	0.533

real	1.766
user	1.276
sys	0.513

real	1.746
user	1.224
sys	0.546

real	1.743
user	1.279
sys	0.492

real	1.751
user	1.247
sys	0.528

real	1.760
user	1.206
sys	0.581

real	1.757
user	1.240
sys	0.539

real	1.743
user	1.198
sys	0.572

real	1.733
user	1.253
sys	0.507

real	1.755
user	1.285
sys	0.492

real	1.759
user	1.228
sys	0.558
